Locating server…
Booting server...
Setting up server…
Listening for messages…
Searching for Tailwind CSS projects in the workspace's folders.
{"tailwind":{"version":"3.4.15","features":["layer:base","separator:root","content-list","jit","css-at-config-as-project","relative-content-paths","transpiled-configs"],"isDefaultVersion":false}}
{"tailwind":{"version":"3.4.15","features":["layer:base","separator:root","content-list","jit","css-at-config-as-project","relative-content-paths","transpiled-configs"],"isDefaultVersion":false}}
{"tailwind":{"version":"3.4.15","features":["layer:base","separator:root","content-list","jit","css-at-config-as-project","relative-content-paths","transpiled-configs"],"isDefaultVersion":false}}
{"tailwind":{"version":"3.4.15","features":["layer:base","separator:root","content-list","jit","css-at-config-as-project","relative-content-paths","transpiled-configs"],"isDefaultVersion":false}}
{"tailwind":{"version":"3.4.15","features":["layer:base","separator:root","content-list","jit","css-at-config-as-project","relative-content-paths","transpiled-configs"],"isDefaultVersion":false}}
{"tailwind":{"version":"3.4.15","features":["layer:base","separator:root","content-list","jit","css-at-config-as-project","relative-content-paths","transpiled-configs"],"isDefaultVersion":false}}
{"tailwind":{"version":"3.4.15","features":["layer:base","separator:root","content-list","jit","css-at-config-as-project","relative-content-paths","transpiled-configs"],"isDefaultVersion":false}}
{"tailwind":{"version":"3.4.15","features":["layer:base","separator:root","content-list","jit","css-at-config-as-project","relative-content-paths","transpiled-configs"],"isDefaultVersion":false}}
{"tailwind":{"version":"3.4.15","features":["layer:base","separator:root","content-list","jit","css-at-config-as-project","relative-content-paths","transpiled-configs"],"isDefaultVersion":false}}
[Global] Creating projects: [{"folder":"/home/sony/Projetos/laravel-react-tests/src","config":"/home/sony/Projetos/laravel-react-tests/src/tailwind.config.js","selectors":[{"pattern":"/home/sony/Projetos/laravel-react-tests/src/tailwind.config.js","priority":0},{"pattern":"/home/sony/Projetos/laravel-react-tests/src/**","priority":3}],"user":false,"tailwind":{"version":"3.4.15","features":["layer:base","separator:root","content-list","jit","css-at-config-as-project","relative-content-paths","transpiled-configs"],"isDefaultVersion":false}},{"folder":"/home/sony/Projetos/laravel-react-tests/src","config":"/home/sony/Projetos/laravel-react-tests/src/vendor/laravel/breeze/stubs/default/tailwind.config.js","selectors":[{"pattern":"/home/sony/Projetos/laravel-react-tests/src/vendor/laravel/breeze/stubs/default/tailwind.config.js","priority":0},{"pattern":"/home/sony/Projetos/laravel-react-tests/src/vendor/laravel/breeze/stubs/default/**","priority":3},{"pattern":"/home/sony/Projetos/laravel-react-tests/src/**","priority":4}],"user":false,"tailwind":{"version":"3.4.15","features":["layer:base","separator:root","content-list","jit","css-at-config-as-project","relative-content-paths","transpiled-configs"],"isDefaultVersion":false}},{"folder":"/home/sony/Projetos/laravel-react-tests/src","config":"/home/sony/Projetos/laravel-react-tests/src/vendor/laravel/breeze/stubs/inertia-common/tailwind.config.js","selectors":[{"pattern":"/home/sony/Projetos/laravel-react-tests/src/vendor/laravel/breeze/stubs/inertia-common/tailwind.config.js","priority":0},{"pattern":"/home/sony/Projetos/laravel-react-tests/src/vendor/laravel/breeze/stubs/inertia-common/**","priority":3},{"pattern":"/home/sony/Projetos/laravel-react-tests/src/**","priority":4}],"user":false,"tailwind":{"version":"3.4.15","features":["layer:base","separator:root","content-list","jit","css-at-config-as-project","relative-content-paths","transpiled-configs"],"isDefaultVersion":false}},{"folder":"/home/sony/Projetos/laravel-react-tests/src","config":"/home/sony/Projetos/laravel-react-tests/src/vendor/laravel/framework/src/Illuminate/Foundation/resources/exceptions/renderer/tailwind.config.js","selectors":[{"pattern":"/home/sony/Projetos/laravel-react-tests/src/vendor/laravel/framework/src/Illuminate/Foundation/resources/exceptions/renderer/tailwind.config.js","priority":0},{"pattern":"/home/sony/Projetos/laravel-react-tests/src/vendor/laravel/framework/src/Illuminate/Foundation/resources/exceptions/renderer/**/*.blade.php","priority":1},{"pattern":"/home/sony/Projetos/laravel-react-tests/src/vendor/laravel/framework/src/Illuminate/Foundation/resources/exceptions/renderer/**","priority":3}],"user":false,"tailwind":{"version":"3.4.15","features":["layer:base","separator:root","content-list","jit","css-at-config-as-project","relative-content-paths","transpiled-configs"],"isDefaultVersion":false}}]
[Global] Preparing projects...
[Global] Adding watch patterns: /home/sony/Projetos/laravel-react-tests/src/tailwind.config.js, /home/sony/Projetos/laravel-react-tests/src
[Global] Adding watch patterns: /home/sony/Projetos/laravel-react-tests/src/vendor/laravel/breeze/stubs/default/tailwind.config.js, /home/sony/Projetos/laravel-react-tests/src/vendor/laravel/breeze/stubs/default, /home/sony/Projetos/laravel-react-tests/src/vendor/laravel/breeze/stubs, /home/sony/Projetos/laravel-react-tests/src/vendor/laravel/breeze, /home/sony/Projetos/laravel-react-tests/src/vendor/laravel, /home/sony/Projetos/laravel-react-tests/src/vendor
[Global] Adding watch patterns: /home/sony/Projetos/laravel-react-tests/src/vendor/laravel/breeze/stubs/inertia-common/tailwind.config.js, /home/sony/Projetos/laravel-react-tests/src/vendor/laravel/breeze/stubs/inertia-common
[Global] Adding watch patterns: /home/sony/Projetos/laravel-react-tests/src/vendor/laravel/framework/src/Illuminate/Foundation/resources/exceptions/renderer/tailwind.config.js, /home/sony/Projetos/laravel-react-tests/src/vendor/laravel/framework/src/Illuminate/Foundation/resources/exceptions/renderer, /home/sony/Projetos/laravel-react-tests/src/vendor/laravel/framework/src/Illuminate/Foundation/resources/exceptions, /home/sony/Projetos/laravel-react-tests/src/vendor/laravel/framework/src/Illuminate/Foundation/resources, /home/sony/Projetos/laravel-react-tests/src/vendor/laravel/framework/src/Illuminate/Foundation, /home/sony/Projetos/laravel-react-tests/src/vendor/laravel/framework/src/Illuminate, /home/sony/Projetos/laravel-react-tests/src/vendor/laravel/framework/src, /home/sony/Projetos/laravel-react-tests/src/vendor/laravel/framework
[Global] Initializing projects...
[tailwind.config.js] Initializing...
[tailwind.config.js] supported features: ["layer:base","separator:root","content-list","jit","css-at-config-as-project","relative-content-paths","transpiled-configs"]
[tailwind.config.js] Loaded tailwindcss v3.4.15: /home/sony/Projetos/laravel-react-tests/src/node_modules/tailwindcss
[tailwind.config.js] Loaded Tailwind CSS config file: /home/sony/Projetos/laravel-react-tests/src/tailwind.config.js
[tailwind.config.js] Loaded postcss v8.4.49: /home/sony/Projetos/laravel-react-tests/src/node_modules/postcss
[tailwind.config.js] Building...
[Global] Initialized 1 projects
