2024-11-30 15:10:12.341 [info] Deleted uninstalled extension from disk alexcvzz.vscode-sqlite /root/.vscode/extensions/alexcvzz.vscode-sqlite-0.14.1
2024-11-30 15:10:12.344 [info] Deleted uninstalled extension from disk bradlc.vscode-tailwindcss /root/.vscode/extensions/bradlc.vscode-tailwindcss-0.12.11
2024-11-30 15:10:12.346 [info] Deleted uninstalled extension from disk ms-ceintl.vscode-language-pack-pt-br /root/.vscode/extensions/ms-ceintl.vscode-language-pack-pt-br-1.94.2024100909
2024-11-30 15:10:12.348 [info] Deleted uninstalled extension from disk ms-python.debugpy /root/.vscode/extensions/ms-python.debugpy-2024.10.0-linux-x64
2024-11-30 15:10:12.350 [info] Deleted uninstalled extension from disk ms-python.python /root/.vscode/extensions/ms-python.python-2024.16.0-linux-x64
2024-11-30 15:10:12.353 [info] Deleted uninstalled extension from disk ms-python.vscode-pylance /root/.vscode/extensions/ms-python.vscode-pylance-2024.10.1
2024-11-30 15:10:12.354 [info] Deleted uninstalled extension from disk ms-toolsai.jupyter /root/.vscode/extensions/ms-toolsai.jupyter-2024.9.1-linux-x64
2024-11-30 15:10:12.355 [info] Deleted uninstalled extension from disk ms-toolsai.jupyter-renderers /root/.vscode/extensions/ms-toolsai.jupyter-renderers-1.0.19
2024-11-30 15:10:12.357 [info] Deleted uninstalled extension from disk qwtel.sqlite-viewer /root/.vscode/extensions/qwtel.sqlite-viewer-0.9.5-linux-x64
2024-11-30 15:10:12.362 [info] Deleted uninstalled extension from disk vue.volar /root/.vscode/extensions/vue.volar-2.1.6
2024-11-30 15:11:25.885 [info] Getting Manifest... alexcvzz.vscode-sqlite
2024-11-30 15:11:25.948 [info] Installing extension: alexcvzz.vscode-sqlite {"isMachineScoped":false,"installPreReleaseVersion":false,"pinned":false,"profileLocation":{"$mid":1,"external":"vscode-userdata:/root/.vscode/extensions/extensions.json","path":"/root/.vscode/extensions/extensions.json","scheme":"vscode-userdata"},"installOnlyNewlyAddedFromExtensionPack":true,"isApplicationScoped":false,"productVersion":{"version":"1.95.3","date":"2024-11-13T14:50:04.152Z"}}
2024-11-30 15:11:27.920 [info] Extension signature verification result for alexcvzz.vscode-sqlite: Success. Executed: true. Duration: 1564ms.
2024-11-30 15:11:28.235 [info] Extracted extension to file:///root/.vscode/extensions/alexcvzz.vscode-sqlite-0.14.1: alexcvzz.vscode-sqlite
2024-11-30 15:11:28.243 [info] Renamed to /root/.vscode/extensions/alexcvzz.vscode-sqlite-0.14.1
2024-11-30 15:11:28.331 [info] Extension installed successfully: alexcvzz.vscode-sqlite vscode-userdata:/root/.vscode/extensions/extensions.json
2024-11-30 15:11:28.358 [error] [uncaught exception in sharedProcess]: Error: ENOENT: no such file or directory, stat '/root/.vscode/extensions/extensions.json.vsctmp': EntryNotFound (FileSystemError): Error: ENOENT: no such file or directory, stat '/root/.vscode/extensions/extensions.json.vsctmp'
    at hm.create (file:///usr/share/code/resources/app/out/vs/code/electron-utility/sharedProcess/sharedProcessMain.js:35:39254)
    at Es (file:///usr/share/code/resources/app/out/vs/code/electron-utility/sharedProcess/sharedProcessMain.js:35:39361)
    at Fr.ib (file:///usr/share/code/resources/app/out/vs/code/electron-utility/sharedProcess/sharedProcessMain.js:71:22677)
    at Fr.stat (file:///usr/share/code/resources/app/out/vs/code/electron-utility/sharedProcess/sharedProcessMain.js:71:16010)
    at async Zl.stat (file:///usr/share/code/resources/app/out/vs/code/electron-utility/sharedProcess/sharedProcessMain.js:70:84491)
    at async Jl.yb (file:///usr/share/code/resources/app/out/vs/code/electron-utility/sharedProcess/sharedProcessMain.js:70:66605)
2024-11-30 15:15:31.283 [info] Getting Manifest... mtxr.sqltools-driver-mysql
2024-11-30 15:15:31.318 [info] Installing extension: mtxr.sqltools-driver-mysql {"isMachineScoped":false,"installPreReleaseVersion":false,"pinned":false,"profileLocation":{"$mid":1,"external":"vscode-userdata:/root/.vscode/extensions/extensions.json","path":"/root/.vscode/extensions/extensions.json","scheme":"vscode-userdata"},"installOnlyNewlyAddedFromExtensionPack":true,"isApplicationScoped":false,"productVersion":{"version":"1.95.3","date":"2024-11-13T14:50:04.152Z"}}
2024-11-30 15:15:31.738 [info] Getting Manifest... mtxr.sqltools
2024-11-30 15:15:33.985 [info] Extension signature verification result for mtxr.sqltools-driver-mysql: Success. Executed: true. Duration: 1518ms.
2024-11-30 15:15:34.101 [info] Extracted extension to file:///root/.vscode/extensions/mtxr.sqltools-driver-mysql-0.6.3: mtxr.sqltools-driver-mysql
2024-11-30 15:15:34.109 [info] Renamed to /root/.vscode/extensions/mtxr.sqltools-driver-mysql-0.6.3
2024-11-30 15:15:34.196 [error] [uncaught exception in sharedProcess]: Error: ENOENT: no such file or directory, stat '/root/.vscode/extensions/extensions.json.vsctmp': EntryNotFound (FileSystemError): Error: ENOENT: no such file or directory, stat '/root/.vscode/extensions/extensions.json.vsctmp'
    at hm.create (file:///usr/share/code/resources/app/out/vs/code/electron-utility/sharedProcess/sharedProcessMain.js:35:39254)
    at Es (file:///usr/share/code/resources/app/out/vs/code/electron-utility/sharedProcess/sharedProcessMain.js:35:39361)
    at Fr.ib (file:///usr/share/code/resources/app/out/vs/code/electron-utility/sharedProcess/sharedProcessMain.js:71:22677)
    at Fr.stat (file:///usr/share/code/resources/app/out/vs/code/electron-utility/sharedProcess/sharedProcessMain.js:71:16010)
    at async Zl.stat (file:///usr/share/code/resources/app/out/vs/code/electron-utility/sharedProcess/sharedProcessMain.js:70:84491)
    at async Jl.yb (file:///usr/share/code/resources/app/out/vs/code/electron-utility/sharedProcess/sharedProcessMain.js:70:66605)
2024-11-30 15:15:34.199 [info] Extension installed successfully: mtxr.sqltools-driver-mysql vscode-userdata:/root/.vscode/extensions/extensions.json
