2024-11-30 15:10:09.942 [info] Added views:outline in workbench.view.explorer
2024-11-30 15:10:09.943 [info] Added views:workbench.view.search in workbench.view.search
2024-11-30 15:10:09.943 [info] Added views:workbench.scm in workbench.view.scm
2024-11-30 15:10:09.943 [info] Added views:workbench.panel.markers.view in workbench.panel.markers
2024-11-30 15:10:09.943 [info] Added views:workbench.panel.output in workbench.panel.output
2024-11-30 15:10:09.943 [info] Added views:terminal in terminal
2024-11-30 15:10:09.943 [info] Added views:timeline in workbench.view.explorer
2024-11-30 15:10:09.943 [info] Added views:workbench.explorer.fileView in workbench.view.explorer
2024-11-30 15:10:10.471 [info] Added views:workbench.debug.welcome in workbench.view.debug
2024-11-30 15:10:12.458 [info] Added views:dockerContainers,dockerImages,dockerRegistries,dockerNetworks,dockerVolumes,vscode-docker.views.dockerContexts,vscode-docker.views.help in workbench.view.extension.dockerView
2024-11-30 15:10:12.461 [info] Added views:targetsContainers,devVolumes in workbench.view.remote
2024-11-30 15:10:12.462 [info] Added views:sqltoolsViewConnectionExplorer,sqltoolsViewBookmarksExplorer,sqltoolsViewHistoryExplorer in workbench.view.extension.sqltoolsActivityBarContainer
2024-11-30 15:10:12.464 [info] Added views:sqltoolsViewConsoleMessages in workbench.view.extension.sqltoolsPanelContainer
2024-11-30 15:10:13.236 [info] Added views:workbench.panel.repl.view in workbench.panel.repl
2024-11-30 15:10:16.270 [info] Added views:~remote.forwardedPorts in ~remote.forwardedPortsContainer
2024-11-30 15:10:18.943 [info] Added views:workbench.scm.history in workbench.view.scm
2024-11-30 15:10:42.277 [info] Added views:workbench.views.extensions.installed,workbench.views.extensions.popular,extensions.recommendedList in workbench.view.extensions
2024-11-30 15:10:42.285 [info] Removed views:workbench.views.extensions.popular from workbench.view.extensions
2024-11-30 15:10:51.570 [info] Removed views:extensions.recommendedList,workbench.views.extensions.installed from workbench.view.extensions
2024-11-30 15:10:51.583 [info] Added views:workbench.views.extensions.marketplace in workbench.view.extensions
2024-11-30 15:18:48.131 [info] Removed views:workbench.scm.history from workbench.view.scm
